stat("/etc/localtime", {st_mode=S_IFREG|0644, st_size=2692, ...}) = 0
stat("/etc/localtime", {st_mode=S_IFREG|0644, st_size=2692, ...}) = 0
stat("/etc/localtime", {st_mode=S_IFREG|0644, st_size=2692, ...}) = 0
stat("/etc/localtime", {st_mode=S_IFREG|0644, st_size=2692, ...}) = 0
stat("/etc/localtime", {st_mode=S_IFREG|0644, st_size=2692, ...}) = 0
stat("/usr/lib/ruby/gems/2.3.0/specifications/default/rdoc-4.2.1.gemspec", {st_mode=S_IFREG|0644, st_size=4121, ...}) = 0
stat("/etc/localtime", {st_mode=S_IFREG|0644, st_size=2692, ...}) = 0
stat("/etc/localtime", {st_mode=S_IFREG|0644, st_size=2692, ...}) = 0
stat("/usr/lib/ruby/gems/2.3.0/specifications/default/psych-2.1.0.gemspec", {st_mode=S_IFREG|0644, st_size=3452, ...}) = 0
stat("/etc/localtime", {st_mode=S_IFREG|0644, st_size=2692, ...}) = 0
stat("/etc/localtime", {st_mode=S_IFREG|0644, st_size=2692, ...}) = 0
stat("/usr/lib/ruby/gems/2.3.0/specifications/default/json-1.8.3.gemspec", {st_mode=S_IFREG|0644, st_size=985, ...}) = 0
stat("/etc/localtime", {st_mode=S_IFREG|0644, st_size=2692, ...}) = 0
stat("/etc/localtime", {st_mode=S_IFREG|0644, st_size=2692, ...}) = 0
stat("/usr/lib/ruby/gems/2.3.0/specifications/default/bigdecimal-1.2.8.gemspec", {st_mode=S_IFREG|0644, st_size=1021, ...}) = 0
stat("/etc/localtime", {st_mode=S_IFREG|0644, st_size=2692, ...}) = 0
stat("/etc/localtime", {st_mode=S_IFREG|0644, st_size=2692, ...}) = 0
stat("/usr/lib/ruby/gems/2.3.0/specifications/default/io-console-0.4.5.gemspec", {st_mode=S_IFREG|0644, st_size=892, ...}) = 0
stat("/etc/localtime", {st_mode=S_IFREG|0644, st_size=2692, ...}) = 0
stat("/etc/localtime", {st_mode=S_IFREG|0644, st_size=2692, ...}) = 0
stat("/usr/local/lib/site_ruby/2.3.0/irb/lc/it_IT.UTF-8/encoding_aliases.rb", 0x7ffed55eb9c0) = -1 ENOENT (No such file or directory)
stat("/usr/local/lib/x86_64-linux-gnu/site_ruby/irb/lc/it_IT.UTF-8/encoding_aliases.rb", 0x7ffed55eba90) = -1 ENOENT (No such file or directory)
stat("/usr/local/lib/site_ruby/irb/lc/it_IT.UTF-8/encoding_aliases.rb", 0x7ffed55eba90) = -1 ENOENT (No such file or directory)
stat("/usr/lib/ruby/vendor_ruby/2.3.0/irb/lc/it_IT.UTF-8/encoding_aliases.rb", 0x7ffed55eba90) = -1 ENOENT (No such file or directory)
stat("/usr/lib/x86_64-linux-gnu/ruby/vendor_ruby/2.3.0/irb/lc/it_IT.UTF-8/encoding_aliases.rb", 0x7ffed55eba90) = -1 ENOENT (No such file or directory)
stat("/usr/lib/ruby/vendor_ruby/irb/lc/it_IT.UTF-8/encoding_aliases.rb", 0x7ffed55eba90) = -1 ENOENT (No such file or directory)
stat("/usr/lib/ruby/2.3.0/irb/lc/it_IT.UTF-8/encoding_aliases.rb", 0x7ffed55eba90) = -1 ENOENT (No such file or directory)
stat("/usr/lib/x86_64-linux-gnu/ruby/2.3.0/irb/lc/it_IT.UTF-8/encoding_aliases.rb", 0x7ffed55eba90) = -1 ENOENT (No such file or directory)
stat("/home/joxer", {st_mode=S_IFDIR|0755, st_size=12288, ...}) = 0
stat("/usr/lib/ruby/vendor_ruby/gems/2.3.0", 0x7ffed55eb940) = -1 ENOENT (No such file or directory)
stat("/var/lib/gems/2.3.0/gems/bigdecimal-1.2.8/lib/irb/lc/it_IT.UTF-8/encoding_aliases.rb", 0x7ffed55ea5b0) = -1 ENOENT (No such file or directory)
stat("/var/lib/gems/2.3.0/gems/bigdecimal-1.2.8/lib/irb/lc/it_IT.UTF-8/encoding_aliases.rb.rb", 0x7ffed55ea680) = -1 ENOENT (No such file or directory)
stat("/var/lib/gems/2.3.0/gems/bigdecimal-1.2.8/lib/irb/lc/it_IT.UTF-8/encoding_aliases.rb.so", 0x7ffed55ea680) = -1 ENOENT (No such file or directory)
stat("/var/lib/gems/2.3.0/extensions/x86_64-linux/2.3.0/bigdecimal-1.2.8/irb/lc/it_IT.UTF-8/encoding_aliases.rb", 0x7ffed55eadd0) = -1 ENOENT (No such file or directory)
stat("/var/lib/gems/2.3.0/extensions/x86_64-linux/2.3.0/bigdecimal-1.2.8/irb/lc/it_IT.UTF-8/encoding_aliases.rb.rb", 0x7ffed55eaea0) = -1 ENOENT (No such file or directory)
stat("/var/lib/gems/2.3.0/extensions/x86_64-linux/2.3.0/bigdecimal-1.2.8/irb/lc/it_IT.UTF-8/encoding_aliases.rb.so", 0x7ffed55eaea0) = -1 ENOENT (No such file or directory)
stat("/usr/share/rubygems-integration/all/gems/did_you_mean-1.0.0/lib/irb/lc/it_IT.UTF-8/encoding_aliases.rb", 0x7ffed55ea820) = -1 ENOENT (No such file or directory)
stat("/usr/share/rubygems-integration/all/gems/did_you_mean-1.0.0/lib/irb/lc/it_IT.UTF-8/encoding_aliases.rb.rb", 0x7ffed55ea820) = -1 ENOENT (No such file or directory)
stat("/usr/share/rubygems-integration/all/gems/did_you_mean-1.0.0/lib/irb/lc/it_IT.UTF-8/encoding_aliases.rb.so", 0x7ffed55ea820) = -1 ENOENT (No such file or directory)
stat("/var/lib/gems/2.3.0/gems/io-console-0.4.5/lib/irb/lc/it_IT.UTF-8/encoding_aliases.rb", 0x7ffed55ea820) = -1 ENOENT (No such file or directory)
stat("/var/lib/gems/2.3.0/gems/io-console-0.4.5/lib/irb/lc/it_IT.UTF-8/encoding_aliases.rb.rb", 0x7ffed55ea820) = -1 ENOENT (No such file or directory)
stat("/var/lib/gems/2.3.0/gems/io-console-0.4.5/lib/irb/lc/it_IT.UTF-8/encoding_aliases.rb.so", 0x7ffed55ea820) = -1 ENOENT (No such file or directory)
stat("/var/lib/gems/2.3.0/extensions/x86_64-linux/2.3.0/io-console-0.4.5/irb/lc/it_IT.UTF-8/encoding_aliases.rb", 0x7ffed55eaf70) = -1 ENOENT (No such file or directory)
stat("/var/lib/gems/2.3.0/extensions/x86_64-linux/2.3.0/io-console-0.4.5/irb/lc/it_IT.UTF-8/encoding_aliases.rb.rb", 0x7ffed55eaf70) = -1 ENOENT (No such file or directory)
stat("/var/lib/gems/2.3.0/extensions/x86_64-linux/2.3.0/io-console-0.4.5/irb/lc/it_IT.UTF-8/encoding_aliases.rb.so", 0x7ffed55eaf70) = -1 ENOENT (No such file or directory)
stat("/var/lib/gems/2.3.0/gems/json-1.8.3/lib/irb/lc/it_IT.UTF-8/encoding_aliases.rb", 0x7ffed55ea820) = -1 ENOENT (No such file or directory)
stat("/var/lib/gems/2.3.0/gems/json-1.8.3/lib/irb/lc/it_IT.UTF-8/encoding_aliases.rb.rb", 0x7ffed55ea820) = -1 ENOENT (No such file or directory)
stat("/var/lib/gems/2.3.0/gems/json-1.8.3/lib/irb/lc/it_IT.UTF-8/encoding_aliases.rb.so", 0x7ffed55ea820) = -1 ENOENT (No such file or directory)
stat("/usr/share/rubygems-integration/all/gems/minitest-5.10.3/lib/irb/lc/it_IT.UTF-8/encoding_aliases.rb", 0x7ffed55ea820) = -1 ENOENT (No such file or directory)
stat("/usr/share/rubygems-integration/all/gems/minitest-5.10.3/lib/irb/lc/it_IT.UTF-8/encoding_aliases.rb.rb", 0x7ffed55ea820) = -1 ENOENT (No such file or directory)
stat("/usr/share/rubygems-integration/all/gems/minitest-5.10.3/lib/irb/lc/it_IT.UTF-8/encoding_aliases.rb.so", 0x7ffed55ea820) = -1 ENOENT (No such file or directory)
stat("/usr/share/rubygems-integration/all/gems/net-telnet-0.1.1/lib/irb/lc/it_IT.UTF-8/encoding_aliases.rb", 0x7ffed55ea820) = -1 ENOENT (No such file or directory)
stat("/usr/share/rubygems-integration/all/gems/net-telnet-0.1.1/lib/irb/lc/it_IT.UTF-8/encoding_aliases.rb.rb", 0x7ffed55ea820) = -1 ENOENT (No such file or directory)
stat("/usr/share/rubygems-integration/all/gems/net-telnet-0.1.1/lib/irb/lc/it_IT.UTF-8/encoding_aliases.rb.so", 0x7ffed55ea820) = -1 ENOENT (No such file or directory)
stat("/usr/share/rubygems-integration/all/gems/power_assert-0.2.7/lib/irb/lc/it_IT.UTF-8/encoding_aliases.rb", 0x7ffed55ea820) = -1 ENOENT (No such file or directory)
stat("/usr/share/rubygems-integration/all/gems/power_assert-0.2.7/lib/irb/lc/it_IT.UTF-8/encoding_aliases.rb.rb", 0x7ffed55ea820) = -1 ENOENT (No such file or directory)
stat("/usr/share/rubygems-integration/all/gems/power_assert-0.2.7/lib/irb/lc/it_IT.UTF-8/encoding_aliases.rb.so", 0x7ffed55ea820) = -1 ENOENT (No such file or directory)
stat("/var/lib/gems/2.3.0/gems/psych-2.1.0/lib/irb/lc/it_IT.UTF-8/encoding_aliases.rb", 0x7ffed55ea820) = -1 ENOENT (No such file or directory)
stat("/var/lib/gems/2.3.0/gems/psych-2.1.0/lib/irb/lc/it_IT.UTF-8/encoding_aliases.rb.rb", 0x7ffed55ea820) = -1 ENOENT (No such file or directory)
stat("/var/lib/gems/2.3.0/gems/psych-2.1.0/lib/irb/lc/it_IT.UTF-8/encoding_aliases.rb.so", 0x7ffed55ea820) = -1 ENOENT (No such file or directory)
stat("/var/lib/gems/2.3.0/extensions/x86_64-linux/2.3.0/psych-2.1.0/irb/lc/it_IT.UTF-8/encoding_aliases.rb", 0x7ffed55eaf70) = -1 ENOENT (No such file or directory)
stat("/var/lib/gems/2.3.0/extensions/x86_64-linux/2.3.0/psych-2.1.0/irb/lc/it_IT.UTF-8/encoding_aliases.rb.rb", 0x7ffed55eaf70) = -1 ENOENT (No such file or directory)
stat("/var/lib/gems/2.3.0/extensions/x86_64-linux/2.3.0/psych-2.1.0/irb/lc/it_IT.UTF-8/encoding_aliases.rb.so", 0x7ffed55eaf70) = -1 ENOENT (No such file or directory)
stat("/usr/share/rubygems-integration/all/gems/rake-12.0.0/lib/irb/lc/it_IT.UTF-8/encoding_aliases.rb", 0x7ffed55ea820) = -1 ENOENT (No such file or directory)
stat("/usr/share/rubygems-integration/all/gems/rake-12.0.0/lib/irb/lc/it_IT.UTF-8/encoding_aliases.rb.rb", 0x7ffed55ea820) = -1 ENOENT (No such file or directory)
stat("/usr/share/rubygems-integration/all/gems/rake-12.0.0/lib/irb/lc/it_IT.UTF-8/encoding_aliases.rb.so", 0x7ffed55ea820) = -1 ENOENT (No such file or directory)
stat("/var/lib/gems/2.3.0/gems/rdoc-4.2.1/lib/irb/lc/it_IT.UTF-8/encoding_aliases.rb", 0x7ffed55ea820) = -1 ENOENT (No such file or directory)
stat("/var/lib/gems/2.3.0/gems/rdoc-4.2.1/lib/irb/lc/it_IT.UTF-8/encoding_aliases.rb.rb", 0x7ffed55ea820) = -1 ENOENT (No such file or directory)
stat("/var/lib/gems/2.3.0/gems/rdoc-4.2.1/lib/irb/lc/it_IT.UTF-8/encoding_aliases.rb.so", 0x7ffed55ea820) = -1 ENOENT (No such file or directory)
stat("/usr/share/rubygems-integration/all/gems/test-unit-3.2.5/lib/irb/lc/it_IT.UTF-8/encoding_aliases.rb", 0x7ffed55ea820) = -1 ENOENT (No such file or directory)
stat("/usr/share/rubygems-integration/all/gems/test-unit-3.2.5/lib/irb/lc/it_IT.UTF-8/encoding_aliases.rb.rb", 0x7ffed55ea820) = -1 ENOENT (No such file or directory)
stat("/usr/share/rubygems-integration/all/gems/test-unit-3.2.5/lib/irb/lc/it_IT.UTF-8/encoding_aliases.rb.so", 0x7ffed55ea820) = -1 ENOENT (No such file or directory)
stat("/usr/local/lib/site_ruby/2.3.0/irb/lc/it_IT/encoding_aliases.rb", 0x7ffed55ebb60) = -1 ENOENT (No such file or directory)
stat("/usr/local/lib/x86_64-linux-gnu/site_ruby/irb/lc/it_IT/encoding_aliases.rb", 0x7ffed55ebb60) = -1 ENOENT (No such file or directory)
stat("/usr/local/lib/site_ruby/irb/lc/it_IT/encoding_aliases.rb", 0x7ffed55ebb60) = -1 ENOENT (No such file or directory)
stat("/usr/lib/ruby/vendor_ruby/2.3.0/irb/lc/it_IT/encoding_aliases.rb", 0x7ffed55ebb60) = -1 ENOENT (No such file or directory)
stat("/usr/lib/x86_64-linux-gnu/ruby/vendor_ruby/2.3.0/irb/lc/it_IT/encoding_aliases.rb", 0x7ffed55ebb60) = -1 ENOENT (No such file or directory)
stat("/usr/lib/ruby/vendor_ruby/irb/lc/it_IT/encoding_aliases.rb", 0x7ffed55ebb60) = -1 ENOENT (No such file or directory)
stat("/usr/lib/ruby/2.3.0/irb/lc/it_IT/encoding_aliases.rb", 0x7ffed55ebb60) = -1 ENOENT (No such file or directory)
stat("/usr/lib/x86_64-linux-gnu/ruby/2.3.0/irb/lc/it_IT/encoding_aliases.rb", 0x7ffed55ebb60) = -1 ENOENT (No such file or directory)
stat("/var/lib/gems/2.3.0/gems/bigdecimal-1.2.8/lib/irb/lc/it_IT/encoding_aliases.rb", 0x7ffed55ea8f0) = -1 ENOENT (No such file or directory)
stat("/var/lib/gems/2.3.0/gems/bigdecimal-1.2.8/lib/irb/lc/it_IT/encoding_aliases.rb.rb", 0x7ffed55ea8f0) = -1 ENOENT (No such file or directory)
stat("/var/lib/gems/2.3.0/gems/bigdecimal-1.2.8/lib/irb/lc/it_IT/encoding_aliases.rb.so", 0x7ffed55ea8f0) = -1 ENOENT (No such file or directory)
stat("/var/lib/gems/2.3.0/extensions/x86_64-linux/2.3.0/bigdecimal-1.2.8/irb/lc/it_IT/encoding_aliases.rb", 0x7ffed55eb040) = -1 ENOENT (No such file or directory)
stat("/var/lib/gems/2.3.0/extensions/x86_64-linux/2.3.0/bigdecimal-1.2.8/irb/lc/it_IT/encoding_aliases.rb.rb", 0x7ffed55eb040) = -1 ENOENT (No such file or directory)
stat("/var/lib/gems/2.3.0/extensions/x86_64-linux/2.3.0/bigdecimal-1.2.8/irb/lc/it_IT/encoding_aliases.rb.so", 0x7ffed55eb040) = -1 ENOENT (No such file or directory)
stat("/usr/share/rubygems-integration/all/gems/did_you_mean-1.0.0/lib/irb/lc/it_IT/encoding_aliases.rb", 0x7ffed55ea8f0) = -1 ENOENT (No such file or directory)
stat("/usr/share/rubygems-integration/all/gems/did_you_mean-1.0.0/lib/irb/lc/it_IT/encoding_aliases.rb.rb", 0x7ffed55ea8f0) = -1 ENOENT (No such file or directory)
stat("/usr/share/rubygems-integration/all/gems/did_you_mean-1.0.0/lib/irb/lc/it_IT/encoding_aliases.rb.so", 0x7ffed55ea8f0) = -1 ENOENT (No such file or directory)
stat("/var/lib/gems/2.3.0/gems/io-console-0.4.5/lib/irb/lc/it_IT/encoding_aliases.rb", 0x7ffed55ea8f0) = -1 ENOENT (No such file or directory)
stat("/var/lib/gems/2.3.0/gems/io-console-0.4.5/lib/irb/lc/it_IT/encoding_aliases.rb.rb", 0x7ffed55ea8f0) = -1 ENOENT (No such file or directory)
stat("/var/lib/gems/2.3.0/gems/io-console-0.4.5/lib/irb/lc/it_IT/encoding_aliases.rb.so", 0x7ffed55ea8f0) = -1 ENOENT (No such file or directory)
stat("/var/lib/gems/2.3.0/extensions/x86_64-linux/2.3.0/io-console-0.4.5/irb/lc/it_IT/encoding_aliases.rb", 0x7ffed55eb040) = -1 ENOENT (No such file or directory)
stat("/var/lib/gems/2.3.0/extensions/x86_64-linux/2.3.0/io-console-0.4.5/irb/lc/it_IT/encoding_aliases.rb.rb", 0x7ffed55eb040) = -1 ENOENT (No such file or directory)
stat("/var/lib/gems/2.3.0/extensions/x86_64-linux/2.3.0/io-console-0.4.5/irb/lc/it_IT/encoding_aliases.rb.so", 0x7ffed55eb040) = -1 ENOENT (No such file or directory)
stat("/var/lib/gems/2.3.0/gems/json-1.8.3/lib/irb/lc/it_IT/encoding_aliases.rb", 0x7ffed55ea8f0) = -1 ENOENT (No such file or directory)
stat("/var/lib/gems/2.3.0/gems/json-1.8.3/lib/irb/lc/it_IT/encoding_aliases.rb.rb", 0x7ffed55ea8f0) = -1 ENOENT (No such file or directory)
stat("/var/lib/gems/2.3.0/gems/json-1.8.3/lib/irb/lc/it_IT/encoding_aliases.rb.so", 0x7ffed55ea8f0) = -1 ENOENT (No such file or directory)
stat("/usr/share/rubygems-integration/all/gems/minitest-5.10.3/lib/irb/lc/it_IT/encoding_aliases.rb", 0x7ffed55ea8f0) = -1 ENOENT (No such file or directory)
stat("/usr/share/rubygems-integration/all/gems/minitest-5.10.3/lib/irb/lc/it_IT/encoding_aliases.rb.rb", 0x7ffed55ea8f0) = -1 ENOENT (No such file or directory)
stat("/usr/share/rubygems-integration/all/gems/minitest-5.10.3/lib/irb/lc/it_IT/encoding_aliases.rb.so", 0x7ffed55ea8f0) = -1 ENOENT (No such file or directory)
stat("/usr/share/rubygems-integration/all/gems/net-telnet-0.1.1/lib/irb/lc/it_IT/encoding_aliases.rb", 0x7ffed55ea8f0) = -1 ENOENT (No such file or directory)
stat("/usr/share/rubygems-integration/all/gems/net-telnet-0.1.1/lib/irb/lc/it_IT/encoding_aliases.rb.rb", 0x7ffed55ea8f0) = -1 ENOENT (No such file or directory)
stat("/usr/share/rubygems-integration/all/gems/net-telnet-0.1.1/lib/irb/lc/it_IT/encoding_aliases.rb.so", 0x7ffed55ea8f0) = -1 ENOENT (No such file or directory)
stat("/usr/share/rubygems-integration/all/gems/power_assert-0.2.7/lib/irb/lc/it_IT/encoding_aliases.rb", 0x7ffed55ea8f0) = -1 ENOENT (No such file or directory)
stat("/usr/share/rubygems-integration/all/gems/power_assert-0.2.7/lib/irb/lc/it_IT/encoding_aliases.rb.rb", 0x7ffed55ea8f0) = -1 ENOENT (No such file or directory)
stat("/usr/share/rubygems-integration/all/gems/power_assert-0.2.7/lib/irb/lc/it_IT/encoding_aliases.rb.so", 0x7ffed55ea8f0) = -1 ENOENT (No such file or directory)
stat("/var/lib/gems/2.3.0/gems/psych-2.1.0/lib/irb/lc/it_IT/encoding_aliases.rb", 0x7ffed55ea8f0) = -1 ENOENT (No such file or directory)
stat("/var/lib/gems/2.3.0/gems/psych-2.1.0/lib/irb/lc/it_IT/encoding_aliases.rb.rb", 0x7ffed55ea8f0) = -1 ENOENT (No such file or directory)
stat("/var/lib/gems/2.3.0/gems/psych-2.1.0/lib/irb/lc/it_IT/encoding_aliases.rb.so", 0x7ffed55ea8f0) = -1 ENOENT (No such file or directory)
stat("/var/lib/gems/2.3.0/extensions/x86_64-linux/2.3.0/psych-2.1.0/irb/lc/it_IT/encoding_aliases.rb", 0x7ffed55eb040) = -1 ENOENT (No such file or directory)
stat("/var/lib/gems/2.3.0/extensions/x86_64-linux/2.3.0/psych-2.1.0/irb/lc/it_IT/encoding_aliases.rb.rb", 0x7ffed55eb040) = -1 ENOENT (No such file or directory)
stat("/var/lib/gems/2.3.0/extensions/x86_64-linux/2.3.0/psych-2.1.0/irb/lc/it_IT/encoding_aliases.rb.so", 0x7ffed55eb040) = -1 ENOENT (No such file or directory)
stat("/usr/share/rubygems-integration/all/gems/rake-12.0.0/lib/irb/lc/it_IT/encoding_aliases.rb", 0x7ffed55ea8f0) = -1 ENOENT (No such file or directory)
stat("/usr/share/rubygems-integration/all/gems/rake-12.0.0/lib/irb/lc/it_IT/encoding_aliases.rb.rb", 0x7ffed55ea8f0) = -1 ENOENT (No such file or directory)
stat("/usr/share/rubygems-integration/all/gems/rake-12.0.0/lib/irb/lc/it_IT/encoding_aliases.rb.so", 0x7ffed55ea8f0) = -1 ENOENT (No such file or directory)
stat("/var/lib/gems/2.3.0/gems/rdoc-4.2.1/lib/irb/lc/it_IT/encoding_aliases.rb", 0x7ffed55ea8f0) = -1 ENOENT (No such file or directory)
stat("/var/lib/gems/2.3.0/gems/rdoc-4.2.1/lib/irb/lc/it_IT/encoding_aliases.rb.rb", 0x7ffed55ea8f0) = -1 ENOENT (No such file or directory)
stat("/var/lib/gems/2.3.0/gems/rdoc-4.2.1/lib/irb/lc/it_IT/encoding_aliases.rb.so", 0x7ffed55ea8f0) = -1 ENOENT (No such file or directory)
stat("/usr/share/rubygems-integration/all/gems/test-unit-3.2.5/lib/irb/lc/it_IT/encoding_aliases.rb", 0x7ffed55ea8f0) = -1 ENOENT (No such file or directory)
stat("/usr/share/rubygems-integration/all/gems/test-unit-3.2.5/lib/irb/lc/it_IT/encoding_aliases.rb.rb", 0x7ffed55ea8f0) = -1 ENOENT (No such file or directory)
stat("/usr/share/rubygems-integration/all/gems/test-unit-3.2.5/lib/irb/lc/it_IT/encoding_aliases.rb.so", 0x7ffed55ea8f0) = -1 ENOENT (No such file or directory)
stat("/usr/local/lib/site_ruby/2.3.0/irb/lc/it.UTF-8/encoding_aliases.rb", 0x7ffed55ebb60) = -1 ENOENT (No such file or directory)
stat("/usr/local/lib/x86_64-linux-gnu/site_ruby/irb/lc/it.UTF-8/encoding_aliases.rb", 0x7ffed55ebb60) = -1 ENOENT (No such file or directory)
stat("/usr/local/lib/site_ruby/irb/lc/it.UTF-8/encoding_aliases.rb", 0x7ffed55ebb60) = -1 ENOENT (No such file or directory)
stat("/usr/lib/ruby/vendor_ruby/2.3.0/irb/lc/it.UTF-8/encoding_aliases.rb", 0x7ffed55ebb60) = -1 ENOENT (No such file or directory)
stat("/usr/lib/x86_64-linux-gnu/ruby/vendor_ruby/2.3.0/irb/lc/it.UTF-8/encoding_aliases.rb", 0x7ffed55ebb60) = -1 ENOENT (No such file or directory)
stat("/usr/lib/ruby/vendor_ruby/irb/lc/it.UTF-8/encoding_aliases.rb", 0x7ffed55ebb60) = -1 ENOENT (No such file or directory)
stat("/usr/lib/ruby/2.3.0/irb/lc/it.UTF-8/encoding_aliases.rb", 0x7ffed55ebb60) = -1 ENOENT (No such file or directory)
stat("/usr/lib/x86_64-linux-gnu/ruby/2.3.0/irb/lc/it.UTF-8/encoding_aliases.rb", 0x7ffed55ebb60) = -1 ENOENT (No such file or directory)
stat("/var/lib/gems/2.3.0/gems/bigdecimal-1.2.8/lib/irb/lc/it.UTF-8/encoding_aliases.rb", 0x7ffed55ea8f0) = -1 ENOENT (No such file or directory)
stat("/var/lib/gems/2.3.0/gems/bigdecimal-1.2.8/lib/irb/lc/it.UTF-8/encoding_aliases.rb.rb", 0x7ffed55ea8f0) = -1 ENOENT (No such file or directory)
stat("/var/lib/gems/2.3.0/gems/bigdecimal-1.2.8/lib/irb/lc/it.UTF-8/encoding_aliases.rb.so", 0x7ffed55ea8f0) = -1 ENOENT (No such file or directory)
stat("/var/lib/gems/2.3.0/extensions/x86_64-linux/2.3.0/bigdecimal-1.2.8/irb/lc/it.UTF-8/encoding_aliases.rb", 0x7ffed55eb040) = -1 ENOENT (No such file or directory)
stat("/var/lib/gems/2.3.0/extensions/x86_64-linux/2.3.0/bigdecimal-1.2.8/irb/lc/it.UTF-8/encoding_aliases.rb.rb", 0x7ffed55eb040) = -1 ENOENT (No such file or directory)
stat("/var/lib/gems/2.3.0/extensions/x86_64-linux/2.3.0/bigdecimal-1.2.8/irb/lc/it.UTF-8/encoding_aliases.rb.so", 0x7ffed55eb040) = -1 ENOENT (No such file or directory)
stat("/usr/share/rubygems-integration/all/gems/did_you_mean-1.0.0/lib/irb/lc/it.UTF-8/encoding_aliases.rb", 0x7ffed55ea8f0) = -1 ENOENT (No such file or directory)
stat("/usr/share/rubygems-integration/all/gems/did_you_mean-1.0.0/lib/irb/lc/it.UTF-8/encoding_aliases.rb.rb", 0x7ffed55ea8f0) = -1 ENOENT (No such file or directory)
stat("/usr/share/rubygems-integration/all/gems/did_you_mean-1.0.0/lib/irb/lc/it.UTF-8/encoding_aliases.rb.so", 0x7ffed55ea8f0) = -1 ENOENT (No such file or directory)
stat("/var/lib/gems/2.3.0/gems/io-console-0.4.5/lib/irb/lc/it.UTF-8/encoding_aliases.rb", 0x7ffed55ea8f0) = -1 ENOENT (No such file or directory)
stat("/var/lib/gems/2.3.0/gems/io-console-0.4.5/lib/irb/lc/it.UTF-8/encoding_aliases.rb.rb", 0x7ffed55ea8f0) = -1 ENOENT (No such file or directory)
stat("/var/lib/gems/2.3.0/gems/io-console-0.4.5/lib/irb/lc/it.UTF-8/encoding_aliases.rb.so", 0x7ffed55ea8f0) = -1 ENOENT (No such file or directory)
stat("/var/lib/gems/2.3.0/extensions/x86_64-linux/2.3.0/io-console-0.4.5/irb/lc/it.UTF-8/encoding_aliases.rb", 0x7ffed55eb040) = -1 ENOENT (No such file or directory)
stat("/var/lib/gems/2.3.0/extensions/x86_64-linux/2.3.0/io-console-0.4.5/irb/lc/it.UTF-8/encoding_aliases.rb.rb", 0x7ffed55eb040) = -1 ENOENT (No such file or directory)
stat("/var/lib/gems/2.3.0/extensions/x86_64-linux/2.3.0/io-console-0.4.5/irb/lc/it.UTF-8/encoding_aliases.rb.so", 0x7ffed55eb040) = -1 ENOENT (No such file or directory)
stat("/var/lib/gems/2.3.0/gems/json-1.8.3/lib/irb/lc/it.UTF-8/encoding_aliases.rb", 0x7ffed55ea8f0) = -1 ENOENT (No such file or directory)
stat("/var/lib/gems/2.3.0/gems/json-1.8.3/lib/irb/lc/it.UTF-8/encoding_aliases.rb.rb", 0x7ffed55ea8f0) = -1 ENOENT (No such file or directory)
stat("/var/lib/gems/2.3.0/gems/json-1.8.3/lib/irb/lc/it.UTF-8/encoding_aliases.rb.so", 0x7ffed55ea8f0) = -1 ENOENT (No such file or directory)
stat("/usr/share/rubygems-integration/all/gems/minitest-5.10.3/lib/irb/lc/it.UTF-8/encoding_aliases.rb", 0x7ffed55ea8f0) = -1 ENOENT (No such file or directory)
stat("/usr/share/rubygems-integration/all/gems/minitest-5.10.3/lib/irb/lc/it.UTF-8/encoding_aliases.rb.rb", 0x7ffed55ea8f0) = -1 ENOENT (No such file or directory)
stat("/usr/share/rubygems-integration/all/gems/minitest-5.10.3/lib/irb/lc/it.UTF-8/encoding_aliases.rb.so", 0x7ffed55ea8f0) = -1 ENOENT (No such file or directory)
stat("/usr/share/rubygems-integration/all/gems/net-telnet-0.1.1/lib/irb/lc/it.UTF-8/encoding_aliases.rb", 0x7ffed55ea8f0) = -1 ENOENT (No such file or directory)
stat("/usr/share/rubygems-integration/all/gems/net-telnet-0.1.1/lib/irb/lc/it.UTF-8/encoding_aliases.rb.rb", 0x7ffed55ea8f0) = -1 ENOENT (No such file or directory)
stat("/usr/share/rubygems-integration/all/gems/net-telnet-0.1.1/lib/irb/lc/it.UTF-8/encoding_aliases.rb.so", 0x7ffed55ea8f0) = -1 ENOENT (No such file or directory)
stat("/usr/share/rubygems-integration/all/gems/power_assert-0.2.7/lib/irb/lc/it.UTF-8/encoding_aliases.rb", 0x7ffed55ea8f0) = -1 ENOENT (No such file or directory)
stat("/usr/share/rubygems-integration/all/gems/power_assert-0.2.7/lib/irb/lc/it.UTF-8/encoding_aliases.rb.rb", 0x7ffed55ea8f0) = -1 ENOENT (No such file or directory)
stat("/usr/share/rubygems-integration/all/gems/power_assert-0.2.7/lib/irb/lc/it.UTF-8/encoding_aliases.rb.so", 0x7ffed55ea8f0) = -1 ENOENT (No such file or directory)
stat("/var/lib/gems/2.3.0/gems/psych-2.1.0/lib/irb/lc/it.UTF-8/encoding_aliases.rb", 0x7ffed55ea8f0) = -1 ENOENT (No such file or directory)
stat("/var/lib/gems/2.3.0/gems/psych-2.1.0/lib/irb/lc/it.UTF-8/encoding_aliases.rb.rb", 0x7ffed55ea8f0) = -1 ENOENT (No such file or directory)
stat("/var/lib/gems/2.3.0/gems/psych-2.1.0/lib/irb/lc/it.UTF-8/encoding_aliases.rb.so", 0x7ffed55ea8f0) = -1 ENOENT (No such file or directory)
stat("/var/lib/gems/2.3.0/extensions/x86_64-linux/2.3.0/psych-2.1.0/irb/lc/it.UTF-8/encoding_aliases.rb", 0x7ffed55eb040) = -1 ENOENT (No such file or directory)
stat("/var/lib/gems/2.3.0/extensions/x86_64-linux/2.3.0/psych-2.1.0/irb/lc/it.UTF-8/encoding_aliases.rb.rb", 0x7ffed55eb040) = -1 ENOENT (No such file or directory)
stat("/var/lib/gems/2.3.0/extensions/x86_64-linux/2.3.0/psych-2.1.0/irb/lc/it.UTF-8/encoding_aliases.rb.so", 0x7ffed55eb040) = -1 ENOENT (No such file or directory)
stat("/usr/share/rubygems-integration/all/gems/rake-12.0.0/lib/irb/lc/it.UTF-8/encoding_aliases.rb", 0x7ffed55ea8f0) = -1 ENOENT (No such file or directory)
stat("/usr/share/rubygems-integration/all/gems/rake-12.0.0/lib/irb/lc/it.UTF-8/encoding_aliases.rb.rb", 0x7ffed55ea8f0) = -1 ENOENT (No such file or directory)
stat("/usr/share/rubygems-integration/all/gems/rake-12.0.0/lib/irb/lc/it.UTF-8/encoding_aliases.rb.so", 0x7ffed55ea8f0) = -1 ENOENT (No such file or directory)
stat("/var/lib/gems/2.3.0/gems/rdoc-4.2.1/lib/irb/lc/it.UTF-8/encoding_aliases.rb", 0x7ffed55ea8f0) = -1 ENOENT (No such file or directory)
stat("/var/lib/gems/2.3.0/gems/rdoc-4.2.1/lib/irb/lc/it.UTF-8/encoding_aliases.rb.rb", 0x7ffed55ea8f0) = -1 ENOENT (No such file or directory)
stat("/var/lib/gems/2.3.0/gems/rdoc-4.2.1/lib/irb/lc/it.UTF-8/encoding_aliases.rb.so", 0x7ffed55ea8f0) = -1 ENOENT (No such file or directory)
stat("/usr/share/rubygems-integration/all/gems/test-unit-3.2.5/lib/irb/lc/it.UTF-8/encoding_aliases.rb", 0x7ffed55ea8f0) = -1 ENOENT (No such file or directory)
stat("/usr/share/rubygems-integration/all/gems/test-unit-3.2.5/lib/irb/lc/it.UTF-8/encoding_aliases.rb.rb", 0x7ffed55ea8f0) = -1 ENOENT (No such file or directory)
stat("/usr/share/rubygems-integration/all/gems/test-unit-3.2.5/lib/irb/lc/it.UTF-8/encoding_aliases.rb.so", 0x7ffed55ea8f0) = -1 ENOENT (No such file or directory)
stat("/usr/local/lib/site_ruby/2.3.0/irb/lc/it/encoding_aliases.rb", 0x7ffed55ebb60) = -1 ENOENT (No such file or directory)
stat("/usr/local/lib/x86_64-linux-gnu/site_ruby/irb/lc/it/encoding_aliases.rb", 0x7ffed55ebb60) = -1 ENOENT (No such file or directory)
stat("/usr/local/lib/site_ruby/irb/lc/it/encoding_aliases.rb", 0x7ffed55ebb60) = -1 ENOENT (No such file or directory)
stat("/usr/lib/ruby/vendor_ruby/2.3.0/irb/lc/it/encoding_aliases.rb", 0x7ffed55ebb60) = -1 ENOENT (No such file or directory)
stat("/usr/lib/x86_64-linux-gnu/ruby/vendor_ruby/2.3.0/irb/lc/it/encoding_aliases.rb", 0x7ffed55ebb60) = -1 ENOENT (No such file or directory)
stat("/usr/lib/ruby/vendor_ruby/irb/lc/it/encoding_aliases.rb", 0x7ffed55ebb60) = -1 ENOENT (No such file or directory)
stat("/usr/lib/ruby/2.3.0/irb/lc/it/encoding_aliases.rb", 0x7ffed55ebb60) = -1 ENOENT (No such file or directory)
stat("/usr/lib/x86_64-linux-gnu/ruby/2.3.0/irb/lc/it/encoding_aliases.rb", 0x7ffed55ebb60) = -1 ENOENT (No such file or directory)
stat("/var/lib/gems/2.3.0/gems/bigdecimal-1.2.8/lib/irb/lc/it/encoding_aliases.rb", 0x7ffed55ea8f0) = -1 ENOENT (No such file or directory)
stat("/var/lib/gems/2.3.0/gems/bigdecimal-1.2.8/lib/irb/lc/it/encoding_aliases.rb.rb", 0x7ffed55ea8f0) = -1 ENOENT (No such file or directory)
stat("/var/lib/gems/2.3.0/gems/bigdecimal-1.2.8/lib/irb/lc/it/encoding_aliases.rb.so", 0x7ffed55ea8f0) = -1 ENOENT (No such file or directory)
stat("/var/lib/gems/2.3.0/extensions/x86_64-linux/2.3.0/bigdecimal-1.2.8/irb/lc/it/encoding_aliases.rb", 0x7ffed55eb040) = -1 ENOENT (No such file or directory)
stat("/var/lib/gems/2.3.0/extensions/x86_64-linux/2.3.0/bigdecimal-1.2.8/irb/lc/it/encoding_aliases.rb.rb", 0x7ffed55eb040) = -1 ENOENT (No such file or directory)
stat("/var/lib/gems/2.3.0/extensions/x86_64-linux/2.3.0/bigdecimal-1.2.8/irb/lc/it/encoding_aliases.rb.so", 0x7ffed55eb040) = -1 ENOENT (No such file or directory)
stat("/usr/share/rubygems-integration/all/gems/did_you_mean-1.0.0/lib/irb/lc/it/encoding_aliases.rb", 0x7ffed55ea8f0) = -1 ENOENT (No such file or directory)
stat("/usr/share/rubygems-integration/all/gems/did_you_mean-1.0.0/lib/irb/lc/it/encoding_aliases.rb.rb", 0x7ffed55ea8f0) = -1 ENOENT (No such file or directory)
stat("/usr/share/rubygems-integration/all/gems/did_you_mean-1.0.0/lib/irb/lc/it/encoding_aliases.rb.so", 0x7ffed55ea8f0) = -1 ENOENT (No such file or directory)
stat("/var/lib/gems/2.3.0/gems/io-console-0.4.5/lib/irb/lc/it/encoding_aliases.rb", 0x7ffed55ea8f0) = -1 ENOENT (No such file or directory)
stat("/var/lib/gems/2.3.0/gems/io-console-0.4.5/lib/irb/lc/it/encoding_aliases.rb.rb", 0x7ffed55ea8f0) = -1 ENOENT (No such file or directory)
stat("/var/lib/gems/2.3.0/gems/io-console-0.4.5/lib/irb/lc/it/encoding_aliases.rb.so", 0x7ffed55ea8f0) = -1 ENOENT (No such file or directory)
stat("/var/lib/gems/2.3.0/extensions/x86_64-linux/2.3.0/io-console-0.4.5/irb/lc/it/encoding_aliases.rb", 0x7ffed55eb040) = -1 ENOENT (No such file or directory)
stat("/var/lib/gems/2.3.0/extensions/x86_64-linux/2.3.0/io-console-0.4.5/irb/lc/it/encoding_aliases.rb.rb", 0x7ffed55eb040) = -1 ENOENT (No such file or directory)
stat("/var/lib/gems/2.3.0/extensions/x86_64-linux/2.3.0/io-console-0.4.5/irb/lc/it/encoding_aliases.rb.so", 0x7ffed55eb040) = -1 ENOENT (No such file or directory)
stat("/var/lib/gems/2.3.0/gems/json-1.8.3/lib/irb/lc/it/encoding_aliases.rb", 0x7ffed55ea8f0) = -1 ENOENT (No such file or directory)
stat("/var/lib/gems/2.3.0/gems/json-1.8.3/lib/irb/lc/it/encoding_aliases.rb.rb", 0x7ffed55ea8f0) = -1 ENOENT (No such file or directory)
stat("/var/lib/gems/2.3.0/gems/json-1.8.3/lib/irb/lc/it/encoding_aliases.rb.so", 0x7ffed55ea8f0) = -1 ENOENT (No such file or directory)
stat("/usr/share/rubygems-integration/all/gems/minitest-5.10.3/lib/irb/lc/it/encoding_aliases.rb", 0x7ffed55ea8f0) = -1 ENOENT (No such file or directory)
stat("/usr/share/rubygems-integration/all/gems/minitest-5.10.3/lib/irb/lc/it/encoding_aliases.rb.rb", 0x7ffed55ea8f0) = -1 ENOENT (No such file or directory)
stat("/usr/share/rubygems-integration/all/gems/minitest-5.10.3/lib/irb/lc/it/encoding_aliases.rb.so", 0x7ffed55ea8f0) = -1 ENOENT (No such file or directory)
stat("/usr/share/rubygems-integration/all/gems/net-telnet-0.1.1/lib/irb/lc/it/encoding_aliases.rb", 0x7ffed55ea8f0) = -1 ENOENT (No such file or directory)
stat("/usr/share/rubygems-integration/all/gems/net-telnet-0.1.1/lib/irb/lc/it/encoding_aliases.rb.rb", 0x7ffed55ea8f0) = -1 ENOENT (No such file or directory)
stat("/usr/share/rubygems-integration/all/gems/net-telnet-0.1.1/lib/irb/lc/it/encoding_aliases.rb.so", 0x7ffed55ea8f0) = -1 ENOENT (No such file or directory)
stat("/usr/share/rubygems-integration/all/gems/power_assert-0.2.7/lib/irb/lc/it/encoding_aliases.rb", 0x7ffed55ea8f0) = -1 ENOENT (No such file or directory)
stat("/usr/share/rubygems-integration/all/gems/power_assert-0.2.7/lib/irb/lc/it/encoding_aliases.rb.rb", 0x7ffed55ea8f0) = -1 ENOENT (No such file or directory)
stat("/usr/share/rubygems-integration/all/gems/power_assert-0.2.7/lib/irb/lc/it/encoding_aliases.rb.so", 0x7ffed55ea8f0) = -1 ENOENT (No such file or directory)
stat("/var/lib/gems/2.3.0/gems/psych-2.1.0/lib/irb/lc/it/encoding_aliases.rb", 0x7ffed55ea8f0) = -1 ENOENT (No such file or directory)
stat("/var/lib/gems/2.3.0/gems/psych-2.1.0/lib/irb/lc/it/encoding_aliases.rb.rb", 0x7ffed55ea8f0) = -1 ENOENT (No such file or directory)
stat("/var/lib/gems/2.3.0/gems/psych-2.1.0/lib/irb/lc/it/encoding_aliases.rb.so", 0x7ffed55ea8f0) = -1 ENOENT (No such file or directory)
stat("/var/lib/gems/2.3.0/extensions/x86_64-linux/2.3.0/psych-2.1.0/irb/lc/it/encoding_aliases.rb", 0x7ffed55eb040) = -1 ENOENT (No such file or directory)
stat("/var/lib/gems/2.3.0/extensions/x86_64-linux/2.3.0/psych-2.1.0/irb/lc/it/encoding_aliases.rb.rb", 0x7ffed55eb040) = -1 ENOENT (No such file or directory)
stat("/var/lib/gems/2.3.0/extensions/x86_64-linux/2.3.0/psych-2.1.0/irb/lc/it/encoding_aliases.rb.so", 0x7ffed55eb040) = -1 ENOENT (No such file or directory)
stat("/usr/share/rubygems-integration/all/gems/rake-12.0.0/lib/irb/lc/it/encoding_aliases.rb", 0x7ffed55ea8f0) = -1 ENOENT (No such file or directory)
stat("/usr/share/rubygems-integration/all/gems/rake-12.0.0/lib/irb/lc/it/encoding_aliases.rb.rb", 0x7ffed55ea8f0) = -1 ENOENT (No such file or directory)
stat("/usr/share/rubygems-integration/all/gems/rake-12.0.0/lib/irb/lc/it/encoding_aliases.rb.so", 0x7ffed55ea8f0) = -1 ENOENT (No such file or directory)
stat("/var/lib/gems/2.3.0/gems/rdoc-4.2.1/lib/irb/lc/it/encoding_aliases.rb", 0x7ffed55ea8f0) = -1 ENOENT (No such file or directory)
stat("/var/lib/gems/2.3.0/gems/rdoc-4.2.1/lib/irb/lc/it/encoding_aliases.rb.rb", 0x7ffed55ea8f0) = -1 ENOENT (No such file or directory)
stat("/var/lib/gems/2.3.0/gems/rdoc-4.2.1/lib/irb/lc/it/encoding_aliases.rb.so", 0x7ffed55ea8f0) = -1 ENOENT (No such file or directory)
stat("/usr/share/rubygems-integration/all/gems/test-unit-3.2.5/lib/irb/lc/it/encoding_aliases.rb", 0x7ffed55ea8f0) = -1 ENOENT (No such file or directory)
stat("/usr/share/rubygems-integration/all/gems/test-unit-3.2.5/lib/irb/lc/it/encoding_aliases.rb.rb", 0x7ffed55ea8f0) = -1 ENOENT (No such file or directory)
stat("/usr/share/rubygems-integration/all/gems/test-unit-3.2.5/lib/irb/lc/it/encoding_aliases.rb.so", 0x7ffed55ea8f0) = -1 ENOENT (No such file or directory)
stat("/usr/local/lib/site_ruby/2.3.0/irb/lc/encoding_aliases.rb", 0x7ffed55ebb60) = -1 ENOENT (No such file or directory)
stat("/usr/local/lib/x86_64-linux-gnu/site_ruby/irb/lc/encoding_aliases.rb", 0x7ffed55ebb60) = -1 ENOENT (No such file or directory)
stat("/usr/local/lib/site_ruby/irb/lc/encoding_aliases.rb", 0x7ffed55ebb60) = -1 ENOENT (No such file or directory)
stat("/usr/lib/ruby/vendor_ruby/2.3.0/irb/lc/encoding_aliases.rb", 0x7ffed55ebb60) = -1 ENOENT (No such file or directory)
stat("/usr/lib/x86_64-linux-gnu/ruby/vendor_ruby/2.3.0/irb/lc/encoding_aliases.rb", 0x7ffed55ebb60) = -1 ENOENT (No such file or directory)
stat("/usr/lib/ruby/vendor_ruby/irb/lc/encoding_aliases.rb", 0x7ffed55ebb60) = -1 ENOENT (No such file or directory)
stat("/usr/lib/ruby/2.3.0/irb/lc/encoding_aliases.rb", 0x7ffed55ebb60) = -1 ENOENT (No such file or directory)
stat("/usr/lib/x86_64-linux-gnu/ruby/2.3.0/irb/lc/encoding_aliases.rb", 0x7ffed55ebb60) = -1 ENOENT (No such file or directory)
stat("/var/lib/gems/2.3.0/gems/bigdecimal-1.2.8/lib/irb/lc/encoding_aliases.rb", 0x7ffed55ea8f0) = -1 ENOENT (No such file or directory)
stat("/var/lib/gems/2.3.0/gems/bigdecimal-1.2.8/lib/irb/lc/encoding_aliases.rb.rb", 0x7ffed55ea8f0) = -1 ENOENT (No such file or directory)
stat("/var/lib/gems/2.3.0/gems/bigdecimal-1.2.8/lib/irb/lc/encoding_aliases.rb.so", 0x7ffed55ea8f0) = -1 ENOENT (No such file or directory)
stat("/var/lib/gems/2.3.0/extensions/x86_64-linux/2.3.0/bigdecimal-1.2.8/irb/lc/encoding_aliases.rb", 0x7ffed55eb040) = -1 ENOENT (No such file or directory)
stat("/var/lib/gems/2.3.0/extensions/x86_64-linux/2.3.0/bigdecimal-1.2.8/irb/lc/encoding_aliases.rb.rb", 0x7ffed55eb040) = -1 ENOENT (No such file or directory)
stat("/var/lib/gems/2.3.0/extensions/x86_64-linux/2.3.0/bigdecimal-1.2.8/irb/lc/encoding_aliases.rb.so", 0x7ffed55eb040) = -1 ENOENT (No such file or directory)
stat("/usr/share/rubygems-integration/all/gems/did_you_mean-1.0.0/lib/irb/lc/encoding_aliases.rb", 0x7ffed55ea8f0) = -1 ENOENT (No such file or directory)
stat("/usr/share/rubygems-integration/all/gems/did_you_mean-1.0.0/lib/irb/lc/encoding_aliases.rb.rb", 0x7ffed55ea8f0) = -1 ENOENT (No such file or directory)
stat("/usr/share/rubygems-integration/all/gems/did_you_mean-1.0.0/lib/irb/lc/encoding_aliases.rb.so", 0x7ffed55ea8f0) = -1 ENOENT (No such file or directory)
stat("/var/lib/gems/2.3.0/gems/io-console-0.4.5/lib/irb/lc/encoding_aliases.rb", 0x7ffed55ea8f0) = -1 ENOENT (No such file or directory)
stat("/var/lib/gems/2.3.0/gems/io-console-0.4.5/lib/irb/lc/encoding_aliases.rb.rb", 0x7ffed55ea8f0) = -1 ENOENT (No such file or directory)
stat("/var/lib/gems/2.3.0/gems/io-console-0.4.5/lib/irb/lc/encoding_aliases.rb.so", 0x7ffed55ea8f0) = -1 ENOENT (No such file or directory)
stat("/var/lib/gems/2.3.0/extensions/x86_64-linux/2.3.0/io-console-0.4.5/irb/lc/encoding_aliases.rb", 0x7ffed55eb040) = -1 ENOENT (No such file or directory)
stat("/var/lib/gems/2.3.0/extensions/x86_64-linux/2.3.0/io-console-0.4.5/irb/lc/encoding_aliases.rb.rb", 0x7ffed55eb040) = -1 ENOENT (No such file or directory)
stat("/var/lib/gems/2.3.0/extensions/x86_64-linux/2.3.0/io-console-0.4.5/irb/lc/encoding_aliases.rb.so", 0x7ffed55eb040) = -1 ENOENT (No such file or directory)
stat("/var/lib/gems/2.3.0/gems/json-1.8.3/lib/irb/lc/encoding_aliases.rb", 0x7ffed55ea8f0) = -1 ENOENT (No such file or directory)
stat("/var/lib/gems/2.3.0/gems/json-1.8.3/lib/irb/lc/encoding_aliases.rb.rb", 0x7ffed55ea8f0) = -1 ENOENT (No such file or directory)
stat("/var/lib/gems/2.3.0/gems/json-1.8.3/lib/irb/lc/encoding_aliases.rb.so", 0x7ffed55ea8f0) = -1 ENOENT (No such file or directory)
stat("/usr/share/rubygems-integration/all/gems/minitest-5.10.3/lib/irb/lc/encoding_aliases.rb", 0x7ffed55ea8f0) = -1 ENOENT (No such file or directory)
stat("/usr/share/rubygems-integration/all/gems/minitest-5.10.3/lib/irb/lc/encoding_aliases.rb.rb", 0x7ffed55ea8f0) = -1 ENOENT (No such file or directory)
stat("/usr/share/rubygems-integration/all/gems/minitest-5.10.3/lib/irb/lc/encoding_aliases.rb.so", 0x7ffed55ea8f0) = -1 ENOENT (No such file or directory)
stat("/usr/share/rubygems-integration/all/gems/net-telnet-0.1.1/lib/irb/lc/encoding_aliases.rb", 0x7ffed55ea8f0) = -1 ENOENT (No such file or directory)
stat("/usr/share/rubygems-integration/all/gems/net-telnet-0.1.1/lib/irb/lc/encoding_aliases.rb.rb", 0x7ffed55ea8f0) = -1 ENOENT (No such file or directory)
stat("/usr/share/rubygems-integration/all/gems/net-telnet-0.1.1/lib/irb/lc/encoding_aliases.rb.so", 0x7ffed55ea8f0) = -1 ENOENT (No such file or directory)
stat("/usr/share/rubygems-integration/all/gems/power_assert-0.2.7/lib/irb/lc/encoding_aliases.rb", 0x7ffed55ea8f0) = -1 ENOENT (No such file or directory)
stat("/usr/share/rubygems-integration/all/gems/power_assert-0.2.7/lib/irb/lc/encoding_aliases.rb.rb", 0x7ffed55ea8f0) = -1 ENOENT (No such file or directory)
stat("/usr/share/rubygems-integration/all/gems/power_assert-0.2.7/lib/irb/lc/encoding_aliases.rb.so", 0x7ffed55ea8f0) = -1 ENOENT (No such file or directory)
stat("/var/lib/gems/2.3.0/gems/psych-2.1.0/lib/irb/lc/encoding_aliases.rb", 0x7ffed55ea8f0) = -1 ENOENT (No such file or directory)
stat("/var/lib/gems/2.3.0/gems/psych-2.1.0/lib/irb/lc/encoding_aliases.rb.rb", 0x7ffed55ea8f0) = -1 ENOENT (No such file or directory)
stat("/var/lib/gems/2.3.0/gems/psych-2.1.0/lib/irb/lc/encoding_aliases.rb.so", 0x7ffed55ea8f0) = -1 ENOENT (No such file or directory)
stat("/var/lib/gems/2.3.0/extensions/x86_64-linux/2.3.0/psych-2.1.0/irb/lc/encoding_aliases.rb", 0x7ffed55eb040) = -1 ENOENT (No such file or directory)
stat("/var/lib/gems/2.3.0/extensions/x86_64-linux/2.3.0/psych-2.1.0/irb/lc/encoding_aliases.rb.rb", 0x7ffed55eb040) = -1 ENOENT (No such file or directory)
stat("/var/lib/gems/2.3.0/extensions/x86_64-linux/2.3.0/psych-2.1.0/irb/lc/encoding_aliases.rb.so", 0x7ffed55eb040) = -1 ENOENT (No such file or directory)
stat("/usr/share/rubygems-integration/all/gems/rake-12.0.0/lib/irb/lc/encoding_aliases.rb", 0x7ffed55ea8f0) = -1 ENOENT (No such file or directory)
stat("/usr/share/rubygems-integration/all/gems/rake-12.0.0/lib/irb/lc/encoding_aliases.rb.rb", 0x7ffed55ea8f0) = -1 ENOENT (No such file or directory)
stat("/usr/share/rubygems-integration/all/gems/rake-12.0.0/lib/irb/lc/encoding_aliases.rb.so", 0x7ffed55ea8f0) = -1 ENOENT (No such file or directory)
stat("/var/lib/gems/2.3.0/gems/rdoc-4.2.1/lib/irb/lc/encoding_aliases.rb", 0x7ffed55ea8f0) = -1 ENOENT (No such file or directory)
stat("/var/lib/gems/2.3.0/gems/rdoc-4.2.1/lib/irb/lc/encoding_aliases.rb.rb", 0x7ffed55ea8f0) = -1 ENOENT (No such file or directory)
stat("/var/lib/gems/2.3.0/gems/rdoc-4.2.1/lib/irb/lc/encoding_aliases.rb.so", 0x7ffed55ea8f0) = -1 ENOENT (No such file or directory)
stat("/usr/share/rubygems-integration/all/gems/test-unit-3.2.5/lib/irb/lc/encoding_aliases.rb", 0x7ffed55ea8f0) = -1 ENOENT (No such file or directory)
stat("/usr/share/rubygems-integration/all/gems/test-unit-3.2.5/lib/irb/lc/encoding_aliases.rb.rb", 0x7ffed55ea8f0) = -1 ENOENT (No such file or directory)
stat("/usr/share/rubygems-integration/all/gems/test-unit-3.2.5/lib/irb/lc/encoding_aliases.rb.so", 0x7ffed55ea8f0) = -1 ENOENT (No such file or directory)
stat("/usr/local/lib/site_ruby/2.3.0/irb/lc/it_IT.UTF-8/error.rb", 0x7ffed55ec470) = -1 ENOENT (No such file or directory)
stat("/usr/local/lib/x86_64-linux-gnu/site_ruby/irb/lc/it_IT.UTF-8/error.rb", 0x7ffed55ec470) = -1 ENOENT (No such file or directory)
stat("/usr/local/lib/site_ruby/irb/lc/it_IT.UTF-8/error.rb", 0x7ffed55ec470) = -1 ENOENT (No such file or directory)
stat("/usr/lib/ruby/vendor_ruby/2.3.0/irb/lc/it_IT.UTF-8/error.rb", 0x7ffed55ec470) = -1 ENOENT (No such file or directory)
stat("/usr/lib/x86_64-linux-gnu/ruby/vendor_ruby/2.3.0/irb/lc/it_IT.UTF-8/error.rb", 0x7ffed55ec470) = -1 ENOENT (No such file or directory)
stat("/usr/lib/ruby/vendor_ruby/irb/lc/it_IT.UTF-8/error.rb", 0x7ffed55ec470) = -1 ENOENT (No such file or directory)
stat("/usr/lib/ruby/2.3.0/irb/lc/it_IT.UTF-8/error.rb", 0x7ffed55ec470) = -1 ENOENT (No such file or directory)
stat("/usr/lib/x86_64-linux-gnu/ruby/2.3.0/irb/lc/it_IT.UTF-8/error.rb", 0x7ffed55ec470) = -1 ENOENT (No such file or directory)
stat("/var/lib/gems/2.3.0/gems/bigdecimal-1.2.8/lib/irb/lc/it_IT.UTF-8/error.rb", 0x7ffed55eb200) = -1 ENOENT (No such file or directory)
stat("/var/lib/gems/2.3.0/gems/bigdecimal-1.2.8/lib/irb/lc/it_IT.UTF-8/error.rb.rb", 0x7ffed55eb200) = -1 ENOENT (No such file or directory)
stat("/var/lib/gems/2.3.0/gems/bigdecimal-1.2.8/lib/irb/lc/it_IT.UTF-8/error.rb.so", 0x7ffed55eb200) = -1 ENOENT (No such file or directory)
stat("/var/lib/gems/2.3.0/extensions/x86_64-linux/2.3.0/bigdecimal-1.2.8/irb/lc/it_IT.UTF-8/error.rb", 0x7ffed55eb950) = -1 ENOENT (No such file or directory)
stat("/var/lib/gems/2.3.0/extensions/x86_64-linux/2.3.0/bigdecimal-1.2.8/irb/lc/it_IT.UTF-8/error.rb.rb", 0x7ffed55eb950) = -1 ENOENT (No such file or directory)
stat("/var/lib/gems/2.3.0/extensions/x86_64-linux/2.3.0/bigdecimal-1.2.8/irb/lc/it_IT.UTF-8/error.rb.so", 0x7ffed55eb950) = -1 ENOENT (No such file or directory)
stat("/usr/share/rubygems-integration/all/gems/did_you_mean-1.0.0/lib/irb/lc/it_IT.UTF-8/error.rb", 0x7ffed55eb200) = -1 ENOENT (No such file or directory)
stat("/usr/share/rubygems-integration/all/gems/did_you_mean-1.0.0/lib/irb/lc/it_IT.UTF-8/error.rb.rb", 0x7ffed55eb200) = -1 ENOENT (No such file or directory)
stat("/usr/share/rubygems-integration/all/gems/did_you_mean-1.0.0/lib/irb/lc/it_IT.UTF-8/error.rb.so", 0x7ffed55eb200) = -1 ENOENT (No such file or directory)
stat("/var/lib/gems/2.3.0/gems/io-console-0.4.5/lib/irb/lc/it_IT.UTF-8/error.rb", 0x7ffed55eb200) = -1 ENOENT (No such file or directory)
stat("/var/lib/gems/2.3.0/gems/io-console-0.4.5/lib/irb/lc/it_IT.UTF-8/error.rb.rb", 0x7ffed55eb200) = -1 ENOENT (No such file or directory)
stat("/var/lib/gems/2.3.0/gems/io-console-0.4.5/lib/irb/lc/it_IT.UTF-8/error.rb.so", 0x7ffed55eb200) = -1 ENOENT (No such file or directory)
stat("/var/lib/gems/2.3.0/extensions/x86_64-linux/2.3.0/io-console-0.4.5/irb/lc/it_IT.UTF-8/error.rb", 0x7ffed55eb950) = -1 ENOENT (No such file or directory)
stat("/var/lib/gems/2.3.0/extensions/x86_64-linux/2.3.0/io-console-0.4.5/irb/lc/it_IT.UTF-8/error.rb.rb", 0x7ffed55eb950) = -1 ENOENT (No such file or directory)
stat("/var/lib/gems/2.3.0/extensions/x86_64-linux/2.3.0/io-console-0.4.5/irb/lc/it_IT.UTF-8/error.rb.so", 0x7ffed55eb950) = -1 ENOENT (No such file or directory)
stat("/var/lib/gems/2.3.0/gems/json-1.8.3/lib/irb/lc/it_IT.UTF-8/error.rb", 0x7ffed55eb200) = -1 ENOENT (No such file or directory)
stat("/var/lib/gems/2.3.0/gems/json-1.8.3/lib/irb/lc/it_IT.UTF-8/error.rb.rb", 0x7ffed55eb200) = -1 ENOENT (No such file or directory)
stat("/var/lib/gems/2.3.0/gems/json-1.8.3/lib/irb/lc/it_IT.UTF-8/error.rb.so", 0x7ffed55eb200) = -1 ENOENT (No such file or directory)
stat("/usr/share/rubygems-integration/all/gems/minitest-5.10.3/lib/irb/lc/it_IT.UTF-8/error.rb", 0x7ffed55eb200) = -1 ENOENT (No such file or directory)
stat("/usr/share/rubygems-integration/all/gems/minitest-5.10.3/lib/irb/lc/it_IT.UTF-8/error.rb.rb", 0x7ffed55eb200) = -1 ENOENT (No such file or directory)
stat("/usr/share/rubygems-integration/all/gems/minitest-5.10.3/lib/irb/lc/it_IT.UTF-8/error.rb.so", 0x7ffed55eb200) = -1 ENOENT (No such file or directory)
stat("/usr/share/rubygems-integration/all/gems/net-telnet-0.1.1/lib/irb/lc/it_IT.UTF-8/error.rb", 0x7ffed55eb200) = -1 ENOENT (No such file or directory)
stat("/usr/share/rubygems-integration/all/gems/net-telnet-0.1.1/lib/irb/lc/it_IT.UTF-8/error.rb.rb", 0x7ffed55eb200) = -1 ENOENT (No such file or directory)
stat("/usr/share/rubygems-integration/all/gems/net-telnet-0.1.1/lib/irb/lc/it_IT.UTF-8/error.rb.so", 0x7ffed55eb200) = -1 ENOENT (No such file or directory)
stat("/usr/share/rubygems-integration/all/gems/power_assert-0.2.7/lib/irb/lc/it_IT.UTF-8/error.rb", 0x7ffed55eb200) = -1 ENOENT (No such file or directory)
stat("/usr/share/rubygems-integration/all/gems/power_assert-0.2.7/lib/irb/lc/it_IT.UTF-8/error.rb.rb", 0x7ffed55eb200) = -1 ENOENT (No such file or directory)
stat("/usr/share/rubygems-integration/all/gems/power_assert-0.2.7/lib/irb/lc/it_IT.UTF-8/error.rb.so", 0x7ffed55eb200) = -1 ENOENT (No such file or directory)
stat("/var/lib/gems/2.3.0/gems/psych-2.1.0/lib/irb/lc/it_IT.UTF-8/error.rb", 0x7ffed55eb200) = -1 ENOENT (No such file or directory)
stat("/var/lib/gems/2.3.0/gems/psych-2.1.0/lib/irb/lc/it_IT.UTF-8/error.rb.rb", 0x7ffed55eb200) = -1 ENOENT (No such file or directory)
stat("/var/lib/gems/2.3.0/gems/psych-2.1.0/lib/irb/lc/it_IT.UTF-8/error.rb.so", 0x7ffed55eb200) = -1 ENOENT (No such file or directory)
stat("/var/lib/gems/2.3.0/extensions/x86_64-linux/2.3.0/psych-2.1.0/irb/lc/it_IT.UTF-8/error.rb", 0x7ffed55eb950) = -1 ENOENT (No such file or directory)
stat("/var/lib/gems/2.3.0/extensions/x86_64-linux/2.3.0/psych-2.1.0/irb/lc/it_IT.UTF-8/error.rb.rb", 0x7ffed55eb950) = -1 ENOENT (No such file or directory)
stat("/var/lib/gems/2.3.0/extensions/x86_64-linux/2.3.0/psych-2.1.0/irb/lc/it_IT.UTF-8/error.rb.so", 0x7ffed55eb950) = -1 ENOENT (No such file or directory)
stat("/usr/share/rubygems-integration/all/gems/rake-12.0.0/lib/irb/lc/it_IT.UTF-8/error.rb", 0x7ffed55eb200) = -1 ENOENT (No such file or directory)
stat("/usr/share/rubygems-integration/all/gems/rake-12.0.0/lib/irb/lc/it_IT.UTF-8/error.rb.rb", 0x7ffed55eb200) = -1 ENOENT (No such file or directory)
stat("/usr/share/rubygems-integration/all/gems/rake-12.0.0/lib/irb/lc/it_IT.UTF-8/error.rb.so", 0x7ffed55eb200) = -1 ENOENT (No such file or directory)
stat("/var/lib/gems/2.3.0/gems/rdoc-4.2.1/lib/irb/lc/it_IT.UTF-8/error.rb", 0x7ffed55eb200) = -1 ENOENT (No such file or directory)
stat("/var/lib/gems/2.3.0/gems/rdoc-4.2.1/lib/irb/lc/it_IT.UTF-8/error.rb.rb", 0x7ffed55eb200) = -1 ENOENT (No such file or directory)
stat("/var/lib/gems/2.3.0/gems/rdoc-4.2.1/lib/irb/lc/it_IT.UTF-8/error.rb.so", 0x7ffed55eb200) = -1 ENOENT (No such file or directory)
stat("/usr/share/rubygems-integration/all/gems/test-unit-3.2.5/lib/irb/lc/it_IT.UTF-8/error.rb", 0x7ffed55eb200) = -1 ENOENT (No such file or directory)
stat("/usr/share/rubygems-integration/all/gems/test-unit-3.2.5/lib/irb/lc/it_IT.UTF-8/error.rb.rb", 0x7ffed55eb200) = -1 ENOENT (No such file or directory)
stat("/usr/share/rubygems-integration/all/gems/test-unit-3.2.5/lib/irb/lc/it_IT.UTF-8/error.rb.so", 0x7ffed55eb200) = -1 ENOENT (No such file or directory)
stat("/usr/local/lib/site_ruby/2.3.0/irb/lc/it_IT/error.rb", 0x7ffed55ec470) = -1 ENOENT (No such file or directory)
stat("/usr/local/lib/x86_64-linux-gnu/site_ruby/irb/lc/it_IT/error.rb", 0x7ffed55ec470) = -1 ENOENT (No such file or directory)
stat("/usr/local/lib/site_ruby/irb/lc/it_IT/error.rb", 0x7ffed55ec470) = -1 ENOENT (No such file or directory)
stat("/usr/lib/ruby/vendor_ruby/2.3.0/irb/lc/it_IT/error.rb", 0x7ffed55ec470) = -1 ENOENT (No such file or directory)
stat("/usr/lib/x86_64-linux-gnu/ruby/vendor_ruby/2.3.0/irb/lc/it_IT/error.rb", 0x7ffed55ec470) = -1 ENOENT (No such file or directory)
stat("/usr/lib/ruby/vendor_ruby/irb/lc/it_IT/error.rb", 0x7ffed55ec470) = -1 ENOENT (No such file or directory)
stat("/usr/lib/ruby/2.3.0/irb/lc/it_IT/error.rb", 0x7ffed55ec470) = -1 ENOENT (No such file or directory)
stat("/usr/lib/x86_64-linux-gnu/ruby/2.3.0/irb/lc/it_IT/error.rb", 0x7ffed55ec470) = -1 ENOENT (No such file or directory)
stat("/var/lib/gems/2.3.0/gems/bigdecimal-1.2.8/lib/irb/lc/it_IT/error.rb", 0x7ffed55eb200) = -1 ENOENT (No such file or directory)
stat("/var/lib/gems/2.3.0/gems/bigdecimal-1.2.8/lib/irb/lc/it_IT/error.rb.rb", 0x7ffed55eb200) = -1 ENOENT (No such file or directory)
stat("/var/lib/gems/2.3.0/gems/bigdecimal-1.2.8/lib/irb/lc/it_IT/error.rb.so", 0x7ffed55eb200) = -1 ENOENT (No such file or directory)
stat("/var/lib/gems/2.3.0/extensions/x86_64-linux/2.3.0/bigdecimal-1.2.8/irb/lc/it_IT/error.rb", 0x7ffed55eb950) = -1 ENOENT (No such file or directory)
stat("/var/lib/gems/2.3.0/extensions/x86_64-linux/2.3.0/bigdecimal-1.2.8/irb/lc/it_IT/error.rb.rb", 0x7ffed55eb950) = -1 ENOENT (No such file or directory)
stat("/var/lib/gems/2.3.0/extensions/x86_64-linux/2.3.0/bigdecimal-1.2.8/irb/lc/it_IT/error.rb.so", 0x7ffed55eb950) = -1 ENOENT (No such file or directory)
stat("/usr/share/rubygems-integration/all/gems/did_you_mean-1.0.0/lib/irb/lc/it_IT/error.rb", 0x7ffed55eb200) = -1 ENOENT (No such file or directory)
stat("/usr/share/rubygems-integration/all/gems/did_you_mean-1.0.0/lib/irb/lc/it_IT/error.rb.rb", 0x7ffed55eb200) = -1 ENOENT (No such file or directory)
stat("/usr/share/rubygems-integration/all/gems/did_you_mean-1.0.0/lib/irb/lc/it_IT/error.rb.so", 0x7ffed55eb200) = -1 ENOENT (No such file or directory)
stat("/var/lib/gems/2.3.0/gems/io-console-0.4.5/lib/irb/lc/it_IT/error.rb", 0x7ffed55eb200) = -1 ENOENT (No such file or directory)
stat("/var/lib/gems/2.3.0/gems/io-console-0.4.5/lib/irb/lc/it_IT/error.rb.rb", 0x7ffed55eb200) = -1 ENOENT (No such file or directory)
stat("/var/lib/gems/2.3.0/gems/io-console-0.4.5/lib/irb/lc/it_IT/error.rb.so", 0x7ffed55eb200) = -1 ENOENT (No such file or directory)
stat("/var/lib/gems/2.3.0/extensions/x86_64-linux/2.3.0/io-console-0.4.5/irb/lc/it_IT/error.rb", 0x7ffed55eb950) = -1 ENOENT (No such file or directory)
stat("/var/lib/gems/2.3.0/extensions/x86_64-linux/2.3.0/io-console-0.4.5/irb/lc/it_IT/error.rb.rb", 0x7ffed55eb950) = -1 ENOENT (No such file or directory)
stat("/var/lib/gems/2.3.0/extensions/x86_64-linux/2.3.0/io-console-0.4.5/irb/lc/it_IT/error.rb.so", 0x7ffed55eb950) = -1 ENOENT (No such file or directory)
stat("/var/lib/gems/2.3.0/gems/json-1.8.3/lib/irb/lc/it_IT/error.rb", 0x7ffed55eb200) = -1 ENOENT (No such file or directory)
stat("/var/lib/gems/2.3.0/gems/json-1.8.3/lib/irb/lc/it_IT/error.rb.rb", 0x7ffed55eb200) = -1 ENOENT (No such file or directory)
stat("/var/lib/gems/2.3.0/gems/json-1.8.3/lib/irb/lc/it_IT/error.rb.so", 0x7ffed55eb200) = -1 ENOENT (No such file or directory)
stat("/usr/share/rubygems-integration/all/gems/minitest-5.10.3/lib/irb/lc/it_IT/error.rb", 0x7ffed55eb200) = -1 ENOENT (No such file or directory)
stat("/usr/share/rubygems-integration/all/gems/minitest-5.10.3/lib/irb/lc/it_IT/error.rb.rb", 0x7ffed55eb200) = -1 ENOENT (No such file or directory)
stat("/usr/share/rubygems-integration/all/gems/minitest-5.10.3/lib/irb/lc/it_IT/error.rb.so", 0x7ffed55eb200) = -1 ENOENT (No such file or directory)
stat("/usr/share/rubygems-integration/all/gems/net-telnet-0.1.1/lib/irb/lc/it_IT/error.rb", 0x7ffed55eb200) = -1 ENOENT (No such file or directory)
stat("/usr/share/rubygems-integration/all/gems/net-telnet-0.1.1/lib/irb/lc/it_IT/error.rb.rb", 0x7ffed55eb200) = -1 ENOENT (No such file or directory)
stat("/usr/share/rubygems-integration/all/gems/net-telnet-0.1.1/lib/irb/lc/it_IT/error.rb.so", 0x7ffed55eb200) = -1 ENOENT (No such file or directory)
stat("/usr/share/rubygems-integration/all/gems/power_assert-0.2.7/lib/irb/lc/it_IT/error.rb", 0x7ffed55eb200) = -1 ENOENT (No such file or directory)
stat("/usr/share/rubygems-integration/all/gems/power_assert-0.2.7/lib/irb/lc/it_IT/error.rb.rb", 0x7ffed55eb200) = -1 ENOENT (No such file or directory)
stat("/usr/share/rubygems-integration/all/gems/power_assert-0.2.7/lib/irb/lc/it_IT/error.rb.so", 0x7ffed55eb200) = -1 ENOENT (No such file or directory)
stat("/var/lib/gems/2.3.0/gems/psych-2.1.0/lib/irb/lc/it_IT/error.rb", 0x7ffed55eb200) = -1 ENOENT (No such file or directory)
stat("/var/lib/gems/2.3.0/gems/psych-2.1.0/lib/irb/lc/it_IT/error.rb.rb", 0x7ffed55eb200) = -1 ENOENT (No such file or directory)
stat("/var/lib/gems/2.3.0/gems/psych-2.1.0/lib/irb/lc/it_IT/error.rb.so", 0x7ffed55eb200) = -1 ENOENT (No such file or directory)
stat("/var/lib/gems/2.3.0/extensions/x86_64-linux/2.3.0/psych-2.1.0/irb/lc/it_IT/error.rb", 0x7ffed55eb950) = -1 ENOENT (No such file or directory)
stat("/var/lib/gems/2.3.0/extensions/x86_64-linux/2.3.0/psych-2.1.0/irb/lc/it_IT/error.rb.rb", 0x7ffed55eb950) = -1 ENOENT (No such file or directory)
stat("/var/lib/gems/2.3.0/extensions/x86_64-linux/2.3.0/psych-2.1.0/irb/lc/it_IT/error.rb.so", 0x7ffed55eb950) = -1 ENOENT (No such file or directory)
stat("/usr/share/rubygems-integration/all/gems/rake-12.0.0/lib/irb/lc/it_IT/error.rb", 0x7ffed55eb200) = -1 ENOENT (No such file or directory)
stat("/usr/share/rubygems-integration/all/gems/rake-12.0.0/lib/irb/lc/it_IT/error.rb.rb", 0x7ffed55eb200) = -1 ENOENT (No such file or directory)
stat("/usr/share/rubygems-integration/all/gems/rake-12.0.0/lib/irb/lc/it_IT/error.rb.so", 0x7ffed55eb200) = -1 ENOENT (No such file or directory)
stat("/var/lib/gems/2.3.0/gems/rdoc-4.2.1/lib/irb/lc/it_IT/error.rb", 0x7ffed55eb200) = -1 ENOENT (No such file or directory)
stat("/var/lib/gems/2.3.0/gems/rdoc-4.2.1/lib/irb/lc/it_IT/error.rb.rb", 0x7ffed55eb200) = -1 ENOENT (No such file or directory)
stat("/var/lib/gems/2.3.0/gems/rdoc-4.2.1/lib/irb/lc/it_IT/error.rb.so", 0x7ffed55eb200) = -1 ENOENT (No such file or directory)
stat("/usr/share/rubygems-integration/all/gems/test-unit-3.2.5/lib/irb/lc/it_IT/error.rb", 0x7ffed55eb200) = -1 ENOENT (No such file or directory)
stat("/usr/share/rubygems-integration/all/gems/test-unit-3.2.5/lib/irb/lc/it_IT/error.rb.rb", 0x7ffed55eb200) = -1 ENOENT (No such file or directory)
stat("/usr/share/rubygems-integration/all/gems/test-unit-3.2.5/lib/irb/lc/it_IT/error.rb.so", 0x7ffed55eb200) = -1 ENOENT (No such file or directory)
stat("/usr/local/lib/site_ruby/2.3.0/irb/lc/it.UTF-8/error.rb", 0x7ffed55ec470) = -1 ENOENT (No such file or directory)
stat("/usr/local/lib/x86_64-linux-gnu/site_ruby/irb/lc/it.UTF-8/error.rb", 0x7ffed55ec470) = -1 ENOENT (No such file or directory)
stat("/usr/local/lib/site_ruby/irb/lc/it.UTF-8/error.rb", 0x7ffed55ec470) = -1 ENOENT (No such file or directory)
stat("/usr/lib/ruby/vendor_ruby/2.3.0/irb/lc/it.UTF-8/error.rb", 0x7ffed55ec470) = -1 ENOENT (No such file or directory)
stat("/usr/lib/x86_64-linux-gnu/ruby/vendor_ruby/2.3.0/irb/lc/it.UTF-8/error.rb", 0x7ffed55ec470) = -1 ENOENT (No such file or directory)
stat("/usr/lib/ruby/vendor_ruby/irb/lc/it.UTF-8/error.rb", 0x7ffed55ec470) = -1 ENOENT (No such file or directory)
stat("/usr/lib/ruby/2.3.0/irb/lc/it.UTF-8/error.rb", 0x7ffed55ec470) = -1 ENOENT (No such file or directory)
stat("/usr/lib/x86_64-linux-gnu/ruby/2.3.0/irb/lc/it.UTF-8/error.rb", 0x7ffed55ec470) = -1 ENOENT (No such file or directory)
stat("/var/lib/gems/2.3.0/gems/bigdecimal-1.2.8/lib/irb/lc/it.UTF-8/error.rb", 0x7ffed55eb200) = -1 ENOENT (No such file or directory)
stat("/var/lib/gems/2.3.0/gems/bigdecimal-1.2.8/lib/irb/lc/it.UTF-8/error.rb.rb", 0x7ffed55eb200) = -1 ENOENT (No such file or directory)
stat("/var/lib/gems/2.3.0/gems/bigdecimal-1.2.8/lib/irb/lc/it.UTF-8/error.rb.so", 0x7ffed55eb200) = -1 ENOENT (No such file or directory)
stat("/var/lib/gems/2.3.0/extensions/x86_64-linux/2.3.0/bigdecimal-1.2.8/irb/lc/it.UTF-8/error.rb", 0x7ffed55eb950) = -1 ENOENT (No such file or directory)
stat("/var/lib/gems/2.3.0/extensions/x86_64-linux/2.3.0/bigdecimal-1.2.8/irb/lc/it.UTF-8/error.rb.rb", 0x7ffed55eb950) = -1 ENOENT (No such file or directory)
stat("/var/lib/gems/2.3.0/extensions/x86_64-linux/2.3.0/bigdecimal-1.2.8/irb/lc/it.UTF-8/error.rb.so", 0x7ffed55eb950) = -1 ENOENT (No such file or directory)
stat("/usr/share/rubygems-integration/all/gems/did_you_mean-1.0.0/lib/irb/lc/it.UTF-8/error.rb", 0x7ffed55eb200) = -1 ENOENT (No such file or directory)
stat("/usr/share/rubygems-integration/all/gems/did_you_mean-1.0.0/lib/irb/lc/it.UTF-8/error.rb.rb", 0x7ffed55eb200) = -1 ENOENT (No such file or directory)
stat("/usr/share/rubygems-integration/all/gems/did_you_mean-1.0.0/lib/irb/lc/it.UTF-8/error.rb.so", 0x7ffed55eb200) = -1 ENOENT (No such file or directory)
stat("/var/lib/gems/2.3.0/gems/io-console-0.4.5/lib/irb/lc/it.UTF-8/error.rb", 0x7ffed55eb200) = -1 ENOENT (No such file or directory)
stat("/var/lib/gems/2.3.0/gems/io-console-0.4.5/lib/irb/lc/it.UTF-8/error.rb.rb", 0x7ffed55eb200) = -1 ENOENT (No such file or directory)
stat("/var/lib/gems/2.3.0/gems/io-console-0.4.5/lib/irb/lc/it.UTF-8/error.rb.so", 0x7ffed55eb200) = -1 ENOENT (No such file or directory)
stat("/var/lib/gems/2.3.0/extensions/x86_64-linux/2.3.0/io-console-0.4.5/irb/lc/it.UTF-8/error.rb", 0x7ffed55eb950) = -1 ENOENT (No such file or directory)
stat("/var/lib/gems/2.3.0/extensions/x86_64-linux/2.3.0/io-console-0.4.5/irb/lc/it.UTF-8/error.rb.rb", 0x7ffed55eb950) = -1 ENOENT (No such file or directory)
stat("/var/lib/gems/2.3.0/extensions/x86_64-linux/2.3.0/io-console-0.4.5/irb/lc/it.UTF-8/error.rb.so", 0x7ffed55eb950) = -1 ENOENT (No such file or directory)
stat("/var/lib/gems/2.3.0/gems/json-1.8.3/lib/irb/lc/it.UTF-8/error.rb", 0x7ffed55eb200) = -1 ENOENT (No such file or directory)
stat("/var/lib/gems/2.3.0/gems/json-1.8.3/lib/irb/lc/it.UTF-8/error.rb.rb", 0x7ffed55eb200) = -1 ENOENT (No such file or directory)
stat("/var/lib/gems/2.3.0/gems/json-1.8.3/lib/irb/lc/it.UTF-8/error.rb.so", 0x7ffed55eb200) = -1 ENOENT (No such file or directory)
stat("/usr/share/rubygems-integration/all/gems/minitest-5.10.3/lib/irb/lc/it.UTF-8/error.rb", 0x7ffed55eb200) = -1 ENOENT (No such file or directory)
stat("/usr/share/rubygems-integration/all/gems/minitest-5.10.3/lib/irb/lc/it.UTF-8/error.rb.rb", 0x7ffed55eb200) = -1 ENOENT (No such file or directory)
stat("/usr/share/rubygems-integration/all/gems/minitest-5.10.3/lib/irb/lc/it.UTF-8/error.rb.so", 0x7ffed55eb200) = -1 ENOENT (No such file or directory)
stat("/usr/share/rubygems-integration/all/gems/net-telnet-0.1.1/lib/irb/lc/it.UTF-8/error.rb", 0x7ffed55eb200) = -1 ENOENT (No such file or directory)
stat("/usr/share/rubygems-integration/all/gems/net-telnet-0.1.1/lib/irb/lc/it.UTF-8/error.rb.rb", 0x7ffed55eb200) = -1 ENOENT (No such file or directory)
stat("/usr/share/rubygems-integration/all/gems/net-telnet-0.1.1/lib/irb/lc/it.UTF-8/error.rb.so", 0x7ffed55eb200) = -1 ENOENT (No such file or directory)
stat("/usr/share/rubygems-integration/all/gems/power_assert-0.2.7/lib/irb/lc/it.UTF-8/error.rb", 0x7ffed55eb200) = -1 ENOENT (No such file or directory)
stat("/usr/share/rubygems-integration/all/gems/power_assert-0.2.7/lib/irb/lc/it.UTF-8/error.rb.rb", 0x7ffed55eb200) = -1 ENOENT (No such file or directory)
stat("/usr/share/rubygems-integration/all/gems/power_assert-0.2.7/lib/irb/lc/it.UTF-8/error.rb.so", 0x7ffed55eb200) = -1 ENOENT (No such file or directory)
stat("/var/lib/gems/2.3.0/gems/psych-2.1.0/lib/irb/lc/it.UTF-8/error.rb", 0x7ffed55eb200) = -1 ENOENT (No such file or directory)
stat("/var/lib/gems/2.3.0/gems/psych-2.1.0/lib/irb/lc/it.UTF-8/error.rb.rb", 0x7ffed55eb200) = -1 ENOENT (No such file or directory)
stat("/var/lib/gems/2.3.0/gems/psych-2.1.0/lib/irb/lc/it.UTF-8/error.rb.so", 0x7ffed55eb200) = -1 ENOENT (No such file or directory)
stat("/var/lib/gems/2.3.0/extensions/x86_64-linux/2.3.0/psych-2.1.0/irb/lc/it.UTF-8/error.rb", 0x7ffed55eb950) = -1 ENOENT (No such file or directory)
stat("/var/lib/gems/2.3.0/extensions/x86_64-linux/2.3.0/psych-2.1.0/irb/lc/it.UTF-8/error.rb.rb", 0x7ffed55eb950) = -1 ENOENT (No such file or directory)
stat("/var/lib/gems/2.3.0/extensions/x86_64-linux/2.3.0/psych-2.1.0/irb/lc/it.UTF-8/error.rb.so", 0x7ffed55eb950) = -1 ENOENT (No such file or directory)
stat("/usr/share/rubygems-integration/all/gems/rake-12.0.0/lib/irb/lc/it.UTF-8/error.rb", 0x7ffed55eb200) = -1 ENOENT (No such file or directory)
stat("/usr/share/rubygems-integration/all/gems/rake-12.0.0/lib/irb/lc/it.UTF-8/error.rb.rb", 0x7ffed55eb200) = -1 ENOENT (No such file or directory)
stat("/usr/share/rubygems-integration/all/gems/rake-12.0.0/lib/irb/lc/it.UTF-8/error.rb.so", 0x7ffed55eb200) = -1 ENOENT (No such file or directory)
stat("/var/lib/gems/2.3.0/gems/rdoc-4.2.1/lib/irb/lc/it.UTF-8/error.rb", 0x7ffed55eb200) = -1 ENOENT (No such file or directory)
stat("/var/lib/gems/2.3.0/gems/rdoc-4.2.1/lib/irb/lc/it.UTF-8/error.rb.rb", 0x7ffed55eb200) = -1 ENOENT (No such file or directory)
stat("/var/lib/gems/2.3.0/gems/rdoc-4.2.1/lib/irb/lc/it.UTF-8/error.rb.so", 0x7ffed55eb200) = -1 ENOENT (No such file or directory)
stat("/usr/share/rubygems-integration/all/gems/test-unit-3.2.5/lib/irb/lc/it.UTF-8/error.rb", 0x7ffed55eb200) = -1 ENOENT (No such file or directory)
stat("/usr/share/rubygems-integration/all/gems/test-unit-3.2.5/lib/irb/lc/it.UTF-8/error.rb.rb", 0x7ffed55eb200) = -1 ENOENT (No such file or directory)
stat("/usr/share/rubygems-integration/all/gems/test-unit-3.2.5/lib/irb/lc/it.UTF-8/error.rb.so", 0x7ffed55eb200) = -1 ENOENT (No such file or directory)
stat("/usr/local/lib/site_ruby/2.3.0/irb/lc/it/error.rb", 0x7ffed55ec470) = -1 ENOENT (No such file or directory)
stat("/usr/local/lib/x86_64-linux-gnu/site_ruby/irb/lc/it/error.rb", 0x7ffed55ec470) = -1 ENOENT (No such file or directory)
stat("/usr/local/lib/site_ruby/irb/lc/it/error.rb", 0x7ffed55ec470) = -1 ENOENT (No such file or directory)
stat("/usr/lib/ruby/vendor_ruby/2.3.0/irb/lc/it/error.rb", 0x7ffed55ec470) = -1 ENOENT (No such file or directory)
stat("/usr/lib/x86_64-linux-gnu/ruby/vendor_ruby/2.3.0/irb/lc/it/error.rb", 0x7ffed55ec470) = -1 ENOENT (No such file or directory)
stat("/usr/lib/ruby/vendor_ruby/irb/lc/it/error.rb", 0x7ffed55ec470) = -1 ENOENT (No such file or directory)
stat("/usr/lib/ruby/2.3.0/irb/lc/it/error.rb", 0x7ffed55ec470) = -1 ENOENT (No such file or directory)
stat("/usr/lib/x86_64-linux-gnu/ruby/2.3.0/irb/lc/it/error.rb", 0x7ffed55ec470) = -1 ENOENT (No such file or directory)
stat("/var/lib/gems/2.3.0/gems/bigdecimal-1.2.8/lib/irb/lc/it/error.rb", 0x7ffed55eb200) = -1 ENOENT (No such file or directory)
stat("/var/lib/gems/2.3.0/gems/bigdecimal-1.2.8/lib/irb/lc/it/error.rb.rb", 0x7ffed55eb200) = -1 ENOENT (No such file or directory)
stat("/var/lib/gems/2.3.0/gems/bigdecimal-1.2.8/lib/irb/lc/it/error.rb.so", 0x7ffed55eb200) = -1 ENOENT (No such file or directory)
stat("/var/lib/gems/2.3.0/extensions/x86_64-linux/2.3.0/bigdecimal-1.2.8/irb/lc/it/error.rb", 0x7ffed55eb950) = -1 ENOENT (No such file or directory)
stat("/var/lib/gems/2.3.0/extensions/x86_64-linux/2.3.0/bigdecimal-1.2.8/irb/lc/it/error.rb.rb", 0x7ffed55eb950) = -1 ENOENT (No such file or directory)
stat("/var/lib/gems/2.3.0/extensions/x86_64-linux/2.3.0/bigdecimal-1.2.8/irb/lc/it/error.rb.so", 0x7ffed55eb950) = -1 ENOENT (No such file or directory)
stat("/usr/share/rubygems-integration/all/gems/did_you_mean-1.0.0/lib/irb/lc/it/error.rb", 0x7ffed55eb200) = -1 ENOENT (No such file or directory)
stat("/usr/share/rubygems-integration/all/gems/did_you_mean-1.0.0/lib/irb/lc/it/error.rb.rb", 0x7ffed55eb200) = -1 ENOENT (No such file or directory)
stat("/usr/share/rubygems-integration/all/gems/did_you_mean-1.0.0/lib/irb/lc/it/error.rb.so", 0x7ffed55eb200) = -1 ENOENT (No such file or directory)
stat("/var/lib/gems/2.3.0/gems/io-console-0.4.5/lib/irb/lc/it/error.rb", 0x7ffed55eb200) = -1 ENOENT (No such file or directory)
stat("/var/lib/gems/2.3.0/gems/io-console-0.4.5/lib/irb/lc/it/error.rb.rb", 0x7ffed55eb200) = -1 ENOENT (No such file or directory)
stat("/var/lib/gems/2.3.0/gems/io-console-0.4.5/lib/irb/lc/it/error.rb.so", 0x7ffed55eb200) = -1 ENOENT (No such file or directory)
stat("/var/lib/gems/2.3.0/extensions/x86_64-linux/2.3.0/io-console-0.4.5/irb/lc/it/error.rb", 0x7ffed55eb950) = -1 ENOENT (No such file or directory)
stat("/var/lib/gems/2.3.0/extensions/x86_64-linux/2.3.0/io-console-0.4.5/irb/lc/it/error.rb.rb", 0x7ffed55eb950) = -1 ENOENT (No such file or directory)
stat("/var/lib/gems/2.3.0/extensions/x86_64-linux/2.3.0/io-console-0.4.5/irb/lc/it/error.rb.so", 0x7ffed55eb950) = -1 ENOENT (No such file or directory)
stat("/var/lib/gems/2.3.0/gems/json-1.8.3/lib/irb/lc/it/error.rb", 0x7ffed55eb200) = -1 ENOENT (No such file or directory)
stat("/var/lib/gems/2.3.0/gems/json-1.8.3/lib/irb/lc/it/error.rb.rb", 0x7ffed55eb200) = -1 ENOENT (No such file or directory)
stat("/var/lib/gems/2.3.0/gems/json-1.8.3/lib/irb/lc/it/error.rb.so", 0x7ffed55eb200) = -1 ENOENT (No such file or directory)
stat("/usr/share/rubygems-integration/all/gems/minitest-5.10.3/lib/irb/lc/it/error.rb", 0x7ffed55eb200) = -1 ENOENT (No such file or directory)
stat("/usr/share/rubygems-integration/all/gems/minitest-5.10.3/lib/irb/lc/it/error.rb.rb", 0x7ffed55eb200) = -1 ENOENT (No such file or directory)
stat("/usr/share/rubygems-integration/all/gems/minitest-5.10.3/lib/irb/lc/it/error.rb.so", 0x7ffed55eb200) = -1 ENOENT (No such file or directory)
stat("/usr/share/rubygems-integration/all/gems/net-telnet-0.1.1/lib/irb/lc/it/error.rb", 0x7ffed55eb200) = -1 ENOENT (No such file or directory)
stat("/usr/share/rubygems-integration/all/gems/net-telnet-0.1.1/lib/irb/lc/it/error.rb.rb", 0x7ffed55eb200) = -1 ENOENT (No such file or directory)
stat("/usr/share/rubygems-integration/all/gems/net-telnet-0.1.1/lib/irb/lc/it/error.rb.so", 0x7ffed55eb200) = -1 ENOENT (No such file or directory)
stat("/usr/share/rubygems-integration/all/gems/power_assert-0.2.7/lib/irb/lc/it/error.rb", 0x7ffed55eb200) = -1 ENOENT (No such file or directory)
stat("/usr/share/rubygems-integration/all/gems/power_assert-0.2.7/lib/irb/lc/it/error.rb.rb", 0x7ffed55eb200) = -1 ENOENT (No such file or directory)
stat("/usr/share/rubygems-integration/all/gems/power_assert-0.2.7/lib/irb/lc/it/error.rb.so", 0x7ffed55eb200) = -1 ENOENT (No such file or directory)
stat("/var/lib/gems/2.3.0/gems/psych-2.1.0/lib/irb/lc/it/error.rb", 0x7ffed55eb200) = -1 ENOENT (No such file or directory)
stat("/var/lib/gems/2.3.0/gems/psych-2.1.0/lib/irb/lc/it/error.rb.rb", 0x7ffed55eb200) = -1 ENOENT (No such file or directory)
stat("/var/lib/gems/2.3.0/gems/psych-2.1.0/lib/irb/lc/it/error.rb.so", 0x7ffed55eb200) = -1 ENOENT (No such file or directory)
stat("/var/lib/gems/2.3.0/extensions/x86_64-linux/2.3.0/psych-2.1.0/irb/lc/it/error.rb", 0x7ffed55eb950) = -1 ENOENT (No such file or directory)
stat("/var/lib/gems/2.3.0/extensions/x86_64-linux/2.3.0/psych-2.1.0/irb/lc/it/error.rb.rb", 0x7ffed55eb950) = -1 ENOENT (No such file or directory)
stat("/var/lib/gems/2.3.0/extensions/x86_64-linux/2.3.0/psych-2.1.0/irb/lc/it/error.rb.so", 0x7ffed55eb950) = -1 ENOENT (No such file or directory)
stat("/usr/share/rubygems-integration/all/gems/rake-12.0.0/lib/irb/lc/it/error.rb", 0x7ffed55eb200) = -1 ENOENT (No such file or directory)
stat("/usr/share/rubygems-integration/all/gems/rake-12.0.0/lib/irb/lc/it/error.rb.rb", 0x7ffed55eb200) = -1 ENOENT (No such file or directory)
stat("/usr/share/rubygems-integration/all/gems/rake-12.0.0/lib/irb/lc/it/error.rb.so", 0x7ffed55eb200) = -1 ENOENT (No such file or directory)
stat("/var/lib/gems/2.3.0/gems/rdoc-4.2.1/lib/irb/lc/it/error.rb", 0x7ffed55eb200) = -1 ENOENT (No such file or directory)
stat("/var/lib/gems/2.3.0/gems/rdoc-4.2.1/lib/irb/lc/it/error.rb.rb", 0x7ffed55eb200) = -1 ENOENT (No such file or directory)
stat("/var/lib/gems/2.3.0/gems/rdoc-4.2.1/lib/irb/lc/it/error.rb.so", 0x7ffed55eb200) = -1 ENOENT (No such file or directory)
stat("/usr/share/rubygems-integration/all/gems/test-unit-3.2.5/lib/irb/lc/it/error.rb", 0x7ffed55eb200) = -1 ENOENT (No such file or directory)
stat("/usr/share/rubygems-integration/all/gems/test-unit-3.2.5/lib/irb/lc/it/error.rb.rb", 0x7ffed55eb200) = -1 ENOENT (No such file or directory)
stat("/usr/share/rubygems-integration/all/gems/test-unit-3.2.5/lib/irb/lc/it/error.rb.so", 0x7ffed55eb200) = -1 ENOENT (No such file or directory)
stat("/usr/local/lib/site_ruby/2.3.0/irb/lc/error.rb", 0x7ffed55ec470) = -1 ENOENT (No such file or directory)
stat("/usr/local/lib/x86_64-linux-gnu/site_ruby/irb/lc/error.rb", 0x7ffed55ec470) = -1 ENOENT (No such file or directory)
stat("/usr/local/lib/site_ruby/irb/lc/error.rb", 0x7ffed55ec470) = -1 ENOENT (No such file or directory)
stat("/usr/lib/ruby/vendor_ruby/2.3.0/irb/lc/error.rb", 0x7ffed55ec470) = -1 ENOENT (No such file or directory)
stat("/usr/lib/x86_64-linux-gnu/ruby/vendor_ruby/2.3.0/irb/lc/error.rb", 0x7ffed55ec470) = -1 ENOENT (No such file or directory)
stat("/usr/lib/ruby/vendor_ruby/irb/lc/error.rb", 0x7ffed55ec470) = -1 ENOENT (No such file or directory)
stat("/usr/lib/ruby/2.3.0/irb/lc/error.rb", {st_mode=S_IFREG|0644, st_size=983, ...}) = 0
stat("/home/joxer/.irbrc", 0x7ffed55ecb60) = -1 ENOENT (No such file or directory)
stat("/home/joxer/.irbrc", 0x7ffed55ecc30) = -1 ENOENT (No such file or directory)
stat("/home/joxer/irb.rc", 0x7ffed55ecc30) = -1 ENOENT (No such file or directory)
stat("/home/joxer/_irbrc", 0x7ffed55ecc30) = -1 ENOENT (No such file or directory)
stat("/home/joxer/$irbrc", 0x7ffed55ecc30) = -1 ENOENT (No such file or directory)
stat("/home/joxer/.terminfo", 0x559831540900) = -1 ENOENT (No such file or directory)
stat("/etc/terminfo", {st_mode=S_IFDIR|0755, st_size=4096, ...}) = 0
stat("/lib/terminfo", {st_mode=S_IFDIR|0755, st_size=4096, ...}) = 0
stat("/usr/share/terminfo", {st_mode=S_IFDIR|0755, st_size=4096, ...}) = 0
stat("/home/joxer/.inputrc", 0x7ffed55ea410) = -1 ENOENT (No such file or directory)
stat("/etc/inputrc", {st_mode=S_IFREG|0644, st_size=1748, ...}) = 0
+++ exited with 0 +++
